<?xml version="1.0" encoding="UTF-8"?>
<!-- Generated by org.testng.reporters.JUnitXMLReporter -->
<testsuite ignored="20" hostname="DESKTOP-MUA1UT4" failures="0" tests="1" name="FileManagerAutomation_01" time="67.593" errors="0" timestamp="2023-01-23T09:43:10 PKT">
  <testcase classname="testtng" name="CleanerTopTestNG" time="30.287"/>
  <testcase classname="testtng" name="FacebookCleanTestNG" time="0.0">
    <ignored/>
  </testcase> <!-- FacebookCleanTestNG -->
  <testcase classname="testtng" name="AudioTestCases" time="0.0">
    <ignored/>
  </testcase> <!-- AudioTestCases -->
  <testcase classname="testtng" name="DocumentTest" time="0.0">
    <ignored/>
  </testcase> <!-- DocumentTest -->
  <testcase classname="testtng" name="ZippedTestNG" time="0.0">
    <ignored/>
  </testcase> <!-- ZippedTestNG -->
  <testcase classname="testtng" name="FTPTestNG" time="0.0">
    <ignored/>
  </testcase> <!-- FTPTestNG -->
  <testcase classname="testtng" name="DarkMode" time="0.0">
    <ignored/>
  </testcase> <!-- DarkMode -->
  <testcase classname="testtng" name="RecycleBin" time="0.0">
    <ignored/>
  </testcase> <!-- RecycleBin -->
  <testcase classname="testtng" name="TwiterCleanTestNg" time="0.0">
    <ignored/>
  </testcase> <!-- TwiterCleanTestNg -->
  <testcase classname="testtng" name="InstagramCleanTsetNG" time="0.0">
    <ignored/>
  </testcase> <!-- InstagramCleanTsetNG -->
  <testcase classname="testtng" name="ImagesTestCase" time="0.0">
    <ignored/>
  </testcase> <!-- ImagesTestCase -->
  <testcase classname="testtng" name="DownloadsTestNG" time="0.0">
    <ignored/>
  </testcase> <!-- DownloadsTestNG -->
  <testcase classname="testtng" name="RecycleBinTestNG" time="0.0">
    <ignored/>
  </testcase> <!-- RecycleBinTestNG -->
  <testcase classname="testtng" name="ApkTestNG" time="0.0">
    <ignored/>
  </testcase> <!-- ApkTestNG -->
  <testcase classname="testtng" name="AppsTestNG" time="0.0">
    <ignored/>
  </testcase> <!-- AppsTestNG -->
  <testcase classname="testtng" name="FavoriteTestNG" time="0.0">
    <ignored/>
  </testcase> <!-- FavoriteTestNG -->
  <testcase classname="testtng" name="YoutubeCleanTestNG" time="0.0">
    <ignored/>
  </testcase> <!-- YoutubeCleanTestNG -->
  <testcase classname="testtng" name="WhatsAppCleenTestNG" time="0.0">
    <ignored/>
  </testcase> <!-- WhatsAppCleenTestNG -->
  <testcase classname="testtng" name="NewFilesTestNG" time="0.0">
    <ignored/>
  </testcase> <!-- NewFilesTestNG -->
  <testcase classname="testtng" name="SettingTestNG" time="0.0">
    <ignored/>
  </testcase> <!-- SettingTestNG -->
  <testcase classname="testtng" name="VideoTest" time="0.0">
    <ignored/>
  </testcase> <!-- VideoTest -->
</testsuite> <!-- FileManagerAutomation_01 -->
