<?xml version="1.0" encoding="UTF-8"?>
<testng-results ignored="20" total="21" passed="1" failed="0" skipped="0">
  <reporter-output>
  </reporter-output>
  <suite started-at="2023-01-23T09:42:03 PKT" name="Default Suite" finished-at="2023-01-23T09:43:10 PKT" duration-ms="67593">
    <groups>
    </groups>
    <test started-at="2023-01-23T09:42:03 PKT" name="FileManagerAutomation_01" finished-at="2023-01-23T09:43:10 PKT" duration-ms="67593">
      <class name="testtng">
        <test-method is-config="true" signature="StartApp()[pri:0, instance:testtng@1ab3a8c8]" started-at="2023-01-23T09:42:03 PKT" name="StartApp" finished-at="2023-01-23T09:42:34 PKT" duration-ms="31766" status="PASS">
          <reporter-output>
          </reporter-output>
        </test-method> <!-- StartApp -->
        <test-method signature="CleanerTopTestNG()[pri:18, instance:testtng@1ab3a8c8]" started-at="2023-01-23T09:42:35 PKT" name="CleanerTopTestNG" finished-at="2023-01-23T09:43:05 PKT" duration-ms="30287" status="PASS">
          <reporter-output>
          </reporter-output>
        </test-method> <!-- CleanerTopTestNG -->
        <test-method is-config="true" signature="AppEnd()[pri:0, instance:testtng@1ab3a8c8]" started-at="2023-01-23T09:43:05 PKT" name="AppEnd" finished-at="2023-01-23T09:43:10 PKT" duration-ms="5505" status="PASS">
          <reporter-output>
          </reporter-output>
        </test-method> <!-- AppEnd -->
      </class> <!-- testtng -->
    </test> <!-- FileManagerAutomation_01 -->
  </suite> <!-- Default Suite -->
</testng-results>
